  ConvexHull.cpp
  The contents of <optional> are available only with C++17 or later.
\\Mac\Home\Desktop\ConvexHull_BMSTU\Visual studio\ConvexHull\ConvexHull\KirkpatrickSeidelAlgorithm.cpp(106,10): error C2143: синтаксическая ошибка: отсутствие ";" перед "<"
\\Mac\Home\Desktop\ConvexHull_BMSTU\Visual studio\ConvexHull\ConvexHull\KirkpatrickSeidelAlgorithm.cpp(106,10): error C4430: отсутствует спецификатор типа - предполагается int. Примечание. C++ не поддерживает int по умолчанию
\\Mac\Home\Desktop\ConvexHull_BMSTU\Visual studio\ConvexHull\ConvexHull\KirkpatrickSeidelAlgorithm.cpp(112,30): error C2334: непредвиденные лексемы перед "{"; пропуск вероятного тела функции
\\Mac\Home\Desktop\ConvexHull_BMSTU\Visual studio\ConvexHull\ConvexHull\KirkpatrickSeidelAlgorithm.cpp(177,10): error C2143: синтаксическая ошибка: отсутствие ";" перед "<"
\\Mac\Home\Desktop\ConvexHull_BMSTU\Visual studio\ConvexHull\ConvexHull\KirkpatrickSeidelAlgorithm.cpp(177,10): error C4430: отсутствует спецификатор типа - предполагается int. Примечание. C++ не поддерживает int по умолчанию
\\Mac\Home\Desktop\ConvexHull_BMSTU\Visual studio\ConvexHull\ConvexHull\KirkpatrickSeidelAlgorithm.cpp(183,30): error C2334: непредвиденные лексемы перед "{"; пропуск вероятного тела функции
\\Mac\Home\Desktop\ConvexHull_BMSTU\Visual studio\ConvexHull\ConvexHull\KirkpatrickSeidelAlgorithm.cpp(396,28): warning C4129: H: неизвестная escape-последовательность
\\Mac\Home\Desktop\ConvexHull_BMSTU\Visual studio\ConvexHull\ConvexHull\KirkpatrickSeidelAlgorithm.cpp(396,28): warning C4129: D: неизвестная escape-последовательность
\\Mac\Home\Desktop\ConvexHull_BMSTU\Visual studio\ConvexHull\ConvexHull\KirkpatrickSeidelAlgorithm.cpp(396,28): warning C4129: C: неизвестная escape-последовательность
\\Mac\Home\Desktop\ConvexHull_BMSTU\Visual studio\ConvexHull\ConvexHull\KirkpatrickSeidelAlgorithm.cpp(396,28): warning C4129: V: неизвестная escape-последовательность
\\Mac\Home\Desktop\ConvexHull_BMSTU\Visual studio\ConvexHull\ConvexHull\KirkpatrickSeidelAlgorithm.cpp(396,28): warning C4129: T: неизвестная escape-последовательность
\\Mac\Home\Desktop\ConvexHull_BMSTU\Visual studio\ConvexHull\ConvexHull\KirkpatrickSeidelAlgorithm.cpp(424,54): warning C4129: H: неизвестная escape-последовательность
\\Mac\Home\Desktop\ConvexHull_BMSTU\Visual studio\ConvexHull\ConvexHull\KirkpatrickSeidelAlgorithm.cpp(424,54): warning C4129: D: неизвестная escape-последовательность
\\Mac\Home\Desktop\ConvexHull_BMSTU\Visual studio\ConvexHull\ConvexHull\KirkpatrickSeidelAlgorithm.cpp(424,54): warning C4129: C: неизвестная escape-последовательность
\\Mac\Home\Desktop\ConvexHull_BMSTU\Visual studio\ConvexHull\ConvexHull\KirkpatrickSeidelAlgorithm.cpp(424,54): warning C4129: V: неизвестная escape-последовательность
\\Mac\Home\Desktop\ConvexHull_BMSTU\Visual studio\ConvexHull\ConvexHull\KirkpatrickSeidelAlgorithm.cpp(424,54): warning C4129: T: неизвестная escape-последовательность
\\Mac\Home\Desktop\ConvexHull_BMSTU\Visual studio\ConvexHull\ConvexHull\KirkpatrickSeidelAlgorithm.cpp(424,54): warning C4129: c: неизвестная escape-последовательность
\\Mac\Home\Desktop\ConvexHull_BMSTU\Visual studio\ConvexHull\ConvexHull\KirkpatrickSeidelAlgorithm.cpp(71,21): warning C4018: <: несоответствие типов со знаком и без знака
\\Mac\Home\Desktop\ConvexHull_BMSTU\Visual studio\ConvexHull\ConvexHull\KirkpatrickSeidelAlgorithm.cpp(268,15): error C2429: для функция языка "структурированные привязки" нужен флаг компилятора "/std:c++17"
\\Mac\Home\Desktop\ConvexHull_BMSTU\Visual studio\ConvexHull\ConvexHull\KirkpatrickSeidelAlgorithm.cpp(271,39): error C3861: continueForUpperBridge: идентификатор не найден
\\Mac\Home\Desktop\ConvexHull_BMSTU\Visual studio\ConvexHull\ConvexHull\KirkpatrickSeidelAlgorithm.cpp(279,4): error C3861: continueForLowerBridge: идентификатор не найден
\\Mac\Home\Desktop\ConvexHull_BMSTU\Visual studio\ConvexHull\ConvexHull\KirkpatrickSeidelAlgorithm.cpp(271,21): error C2789: "result": требуется инициализация объекта типа класса, квалифицированного как const
\\Mac\Home\Desktop\ConvexHull_BMSTU\Visual studio\ConvexHull\ConvexHull\KirkpatrickSeidelAlgorithm.cpp(271): message : см. объявление "result"
\\Mac\Home\Desktop\ConvexHull_BMSTU\Visual studio\ConvexHull\ConvexHull\KirkpatrickSeidelAlgorithm.cpp(286,1): error C3536: result: не может использоваться до инициализации
\\Mac\Home\Desktop\ConvexHull_BMSTU\Visual studio\ConvexHull\ConvexHull\KirkpatrickSeidelAlgorithm.cpp(405,15): error C2429: для функция языка "структурированные привязки" нужен флаг компилятора "/std:c++17"
\\Mac\Home\Desktop\ConvexHull_BMSTU\Visual studio\ConvexHull\ConvexHull\NonEffectiveAlgorithm.cpp(100,28): warning C4129: H: неизвестная escape-последовательность
\\Mac\Home\Desktop\ConvexHull_BMSTU\Visual studio\ConvexHull\ConvexHull\NonEffectiveAlgorithm.cpp(100,28): warning C4129: D: неизвестная escape-последовательность
\\Mac\Home\Desktop\ConvexHull_BMSTU\Visual studio\ConvexHull\ConvexHull\NonEffectiveAlgorithm.cpp(100,28): warning C4129: C: неизвестная escape-последовательность
\\Mac\Home\Desktop\ConvexHull_BMSTU\Visual studio\ConvexHull\ConvexHull\NonEffectiveAlgorithm.cpp(100,28): warning C4129: V: неизвестная escape-последовательность
\\Mac\Home\Desktop\ConvexHull_BMSTU\Visual studio\ConvexHull\ConvexHull\NonEffectiveAlgorithm.cpp(100,28): warning C4129: T: неизвестная escape-последовательность
\\Mac\Home\Desktop\ConvexHull_BMSTU\Visual studio\ConvexHull\ConvexHull\NonEffectiveAlgorithm.cpp(110,44): warning C4129: H: неизвестная escape-последовательность
\\Mac\Home\Desktop\ConvexHull_BMSTU\Visual studio\ConvexHull\ConvexHull\NonEffectiveAlgorithm.cpp(110,44): warning C4129: D: неизвестная escape-последовательность
\\Mac\Home\Desktop\ConvexHull_BMSTU\Visual studio\ConvexHull\ConvexHull\NonEffectiveAlgorithm.cpp(110,44): warning C4129: C: неизвестная escape-последовательность
\\Mac\Home\Desktop\ConvexHull_BMSTU\Visual studio\ConvexHull\ConvexHull\NonEffectiveAlgorithm.cpp(110,44): warning C4129: V: неизвестная escape-последовательность
\\Mac\Home\Desktop\ConvexHull_BMSTU\Visual studio\ConvexHull\ConvexHull\NonEffectiveAlgorithm.cpp(110,44): warning C4129: T: неизвестная escape-последовательность
\\Mac\Home\Desktop\ConvexHull_BMSTU\Visual studio\ConvexHull\ConvexHull\NonEffectiveAlgorithm.cpp(110,44): warning C4129: c: неизвестная escape-последовательность
\\Mac\Home\Desktop\ConvexHull_BMSTU\Visual studio\ConvexHull\ConvexHull\PointsGenerator.cpp(23,19): warning C4129: H: неизвестная escape-последовательность
\\Mac\Home\Desktop\ConvexHull_BMSTU\Visual studio\ConvexHull\ConvexHull\PointsGenerator.cpp(23,19): warning C4129: D: неизвестная escape-последовательность
\\Mac\Home\Desktop\ConvexHull_BMSTU\Visual studio\ConvexHull\ConvexHull\PointsGenerator.cpp(23,19): warning C4129: C: неизвестная escape-последовательность
\\Mac\Home\Desktop\ConvexHull_BMSTU\Visual studio\ConvexHull\ConvexHull\PointsGenerator.cpp(23,19): warning C4129: V: неизвестная escape-последовательность
\\Mac\Home\Desktop\ConvexHull_BMSTU\Visual studio\ConvexHull\ConvexHull\PointsGenerator.cpp(23,19): warning C4129: T: неизвестная escape-последовательность
\\Mac\Home\Desktop\ConvexHull_BMSTU\Visual studio\ConvexHull\ConvexHull\PointsGenerator.cpp(23,19): warning C4129: c: неизвестная escape-последовательность
  DataModule.cpp
  HandleFiles.cpp
  KirkpatrickSeidelAlgorithm.cpp
  The contents of <optional> are available only with C++17 or later.
\\Mac\Home\Desktop\ConvexHull_BMSTU\Visual studio\ConvexHull\ConvexHull\KirkpatrickSeidelAlgorithm.cpp(106,10): error C2143: синтаксическая ошибка: отсутствие ";" перед "<"
\\Mac\Home\Desktop\ConvexHull_BMSTU\Visual studio\ConvexHull\ConvexHull\KirkpatrickSeidelAlgorithm.cpp(106,10): error C4430: отсутствует спецификатор типа - предполагается int. Примечание. C++ не поддерживает int по умолчанию
\\Mac\Home\Desktop\ConvexHull_BMSTU\Visual studio\ConvexHull\ConvexHull\KirkpatrickSeidelAlgorithm.cpp(112,30): error C2334: непредвиденные лексемы перед "{"; пропуск вероятного тела функции
\\Mac\Home\Desktop\ConvexHull_BMSTU\Visual studio\ConvexHull\ConvexHull\KirkpatrickSeidelAlgorithm.cpp(177,10): error C2143: синтаксическая ошибка: отсутствие ";" перед "<"
\\Mac\Home\Desktop\ConvexHull_BMSTU\Visual studio\ConvexHull\ConvexHull\KirkpatrickSeidelAlgorithm.cpp(177,10): error C4430: отсутствует спецификатор типа - предполагается int. Примечание. C++ не поддерживает int по умолчанию
\\Mac\Home\Desktop\ConvexHull_BMSTU\Visual studio\ConvexHull\ConvexHull\KirkpatrickSeidelAlgorithm.cpp(183,30): error C2334: непредвиденные лексемы перед "{"; пропуск вероятного тела функции
\\Mac\Home\Desktop\ConvexHull_BMSTU\Visual studio\ConvexHull\ConvexHull\KirkpatrickSeidelAlgorithm.cpp(396,28): warning C4129: H: неизвестная escape-последовательность
\\Mac\Home\Desktop\ConvexHull_BMSTU\Visual studio\ConvexHull\ConvexHull\KirkpatrickSeidelAlgorithm.cpp(396,28): warning C4129: D: неизвестная escape-последовательность
\\Mac\Home\Desktop\ConvexHull_BMSTU\Visual studio\ConvexHull\ConvexHull\KirkpatrickSeidelAlgorithm.cpp(396,28): warning C4129: C: неизвестная escape-последовательность
\\Mac\Home\Desktop\ConvexHull_BMSTU\Visual studio\ConvexHull\ConvexHull\KirkpatrickSeidelAlgorithm.cpp(396,28): warning C4129: V: неизвестная escape-последовательность
\\Mac\Home\Desktop\ConvexHull_BMSTU\Visual studio\ConvexHull\ConvexHull\KirkpatrickSeidelAlgorithm.cpp(396,28): warning C4129: T: неизвестная escape-последовательность
\\Mac\Home\Desktop\ConvexHull_BMSTU\Visual studio\ConvexHull\ConvexHull\KirkpatrickSeidelAlgorithm.cpp(424,54): warning C4129: H: неизвестная escape-последовательность
\\Mac\Home\Desktop\ConvexHull_BMSTU\Visual studio\ConvexHull\ConvexHull\KirkpatrickSeidelAlgorithm.cpp(424,54): warning C4129: D: неизвестная escape-последовательность
\\Mac\Home\Desktop\ConvexHull_BMSTU\Visual studio\ConvexHull\ConvexHull\KirkpatrickSeidelAlgorithm.cpp(424,54): warning C4129: C: неизвестная escape-последовательность
\\Mac\Home\Desktop\ConvexHull_BMSTU\Visual studio\ConvexHull\ConvexHull\KirkpatrickSeidelAlgorithm.cpp(424,54): warning C4129: V: неизвестная escape-последовательность
\\Mac\Home\Desktop\ConvexHull_BMSTU\Visual studio\ConvexHull\ConvexHull\KirkpatrickSeidelAlgorithm.cpp(424,54): warning C4129: T: неизвестная escape-последовательность
\\Mac\Home\Desktop\ConvexHull_BMSTU\Visual studio\ConvexHull\ConvexHull\KirkpatrickSeidelAlgorithm.cpp(424,54): warning C4129: c: неизвестная escape-последовательность
\\Mac\Home\Desktop\ConvexHull_BMSTU\Visual studio\ConvexHull\ConvexHull\KirkpatrickSeidelAlgorithm.cpp(71,21): warning C4018: <: несоответствие типов со знаком и без знака
\\Mac\Home\Desktop\ConvexHull_BMSTU\Visual studio\ConvexHull\ConvexHull\KirkpatrickSeidelAlgorithm.cpp(268,15): error C2429: для функция языка "структурированные привязки" нужен флаг компилятора "/std:c++17"
\\Mac\Home\Desktop\ConvexHull_BMSTU\Visual studio\ConvexHull\ConvexHull\KirkpatrickSeidelAlgorithm.cpp(271,39): error C3861: continueForUpperBridge: идентификатор не найден
\\Mac\Home\Desktop\ConvexHull_BMSTU\Visual studio\ConvexHull\ConvexHull\KirkpatrickSeidelAlgorithm.cpp(279,4): error C3861: continueForLowerBridge: идентификатор не найден
\\Mac\Home\Desktop\ConvexHull_BMSTU\Visual studio\ConvexHull\ConvexHull\KirkpatrickSeidelAlgorithm.cpp(271,21): error C2789: "result": требуется инициализация объекта типа класса, квалифицированного как const
\\Mac\Home\Desktop\ConvexHull_BMSTU\Visual studio\ConvexHull\ConvexHull\KirkpatrickSeidelAlgorithm.cpp(271): message : см. объявление "result"
\\Mac\Home\Desktop\ConvexHull_BMSTU\Visual studio\ConvexHull\ConvexHull\KirkpatrickSeidelAlgorithm.cpp(286,1): error C3536: result: не может использоваться до инициализации
\\Mac\Home\Desktop\ConvexHull_BMSTU\Visual studio\ConvexHull\ConvexHull\KirkpatrickSeidelAlgorithm.cpp(405,15): error C2429: для функция языка "структурированные привязки" нужен флаг компилятора "/std:c++17"
  NonEffectiveAlgorithm.cpp
\\Mac\Home\Desktop\ConvexHull_BMSTU\Visual studio\ConvexHull\ConvexHull\NonEffectiveAlgorithm.cpp(100,28): warning C4129: H: неизвестная escape-последовательность
\\Mac\Home\Desktop\ConvexHull_BMSTU\Visual studio\ConvexHull\ConvexHull\NonEffectiveAlgorithm.cpp(100,28): warning C4129: D: неизвестная escape-последовательность
\\Mac\Home\Desktop\ConvexHull_BMSTU\Visual studio\ConvexHull\ConvexHull\NonEffectiveAlgorithm.cpp(100,28): warning C4129: C: неизвестная escape-последовательность
\\Mac\Home\Desktop\ConvexHull_BMSTU\Visual studio\ConvexHull\ConvexHull\NonEffectiveAlgorithm.cpp(100,28): warning C4129: V: неизвестная escape-последовательность
\\Mac\Home\Desktop\ConvexHull_BMSTU\Visual studio\ConvexHull\ConvexHull\NonEffectiveAlgorithm.cpp(100,28): warning C4129: T: неизвестная escape-последовательность
\\Mac\Home\Desktop\ConvexHull_BMSTU\Visual studio\ConvexHull\ConvexHull\NonEffectiveAlgorithm.cpp(110,44): warning C4129: H: неизвестная escape-последовательность
\\Mac\Home\Desktop\ConvexHull_BMSTU\Visual studio\ConvexHull\ConvexHull\NonEffectiveAlgorithm.cpp(110,44): warning C4129: D: неизвестная escape-последовательность
\\Mac\Home\Desktop\ConvexHull_BMSTU\Visual studio\ConvexHull\ConvexHull\NonEffectiveAlgorithm.cpp(110,44): warning C4129: C: неизвестная escape-последовательность
\\Mac\Home\Desktop\ConvexHull_BMSTU\Visual studio\ConvexHull\ConvexHull\NonEffectiveAlgorithm.cpp(110,44): warning C4129: V: неизвестная escape-последовательность
\\Mac\Home\Desktop\ConvexHull_BMSTU\Visual studio\ConvexHull\ConvexHull\NonEffectiveAlgorithm.cpp(110,44): warning C4129: T: неизвестная escape-последовательность
\\Mac\Home\Desktop\ConvexHull_BMSTU\Visual studio\ConvexHull\ConvexHull\NonEffectiveAlgorithm.cpp(110,44): warning C4129: c: неизвестная escape-последовательность
  Point.cpp
  PointPair.cpp
  PointsGenerator.cpp
\\Mac\Home\Desktop\ConvexHull_BMSTU\Visual studio\ConvexHull\ConvexHull\PointsGenerator.cpp(23,19): warning C4129: H: неизвестная escape-последовательность
\\Mac\Home\Desktop\ConvexHull_BMSTU\Visual studio\ConvexHull\ConvexHull\PointsGenerator.cpp(23,19): warning C4129: D: неизвестная escape-последовательность
\\Mac\Home\Desktop\ConvexHull_BMSTU\Visual studio\ConvexHull\ConvexHull\PointsGenerator.cpp(23,19): warning C4129: C: неизвестная escape-последовательность
\\Mac\Home\Desktop\ConvexHull_BMSTU\Visual studio\ConvexHull\ConvexHull\PointsGenerator.cpp(23,19): warning C4129: V: неизвестная escape-последовательность
\\Mac\Home\Desktop\ConvexHull_BMSTU\Visual studio\ConvexHull\ConvexHull\PointsGenerator.cpp(23,19): warning C4129: T: неизвестная escape-последовательность
\\Mac\Home\Desktop\ConvexHull_BMSTU\Visual studio\ConvexHull\ConvexHull\PointsGenerator.cpp(23,19): warning C4129: c: неизвестная escape-последовательность
