  Algorithms.cpp
\\Mac\Home\Desktop\BMSTU_Practices\TSP\TSPVisualStudio\TSP\TSP\Tour.cpp(39,43): warning C4244: аргумент: преобразование "const _Ty" в "const unsigned int", возможна потеря данных
          with
          [
              _Ty=double
          ]
\\Mac\Home\Desktop\BMSTU_Practices\TSP\TSPVisualStudio\TSP\TSP\Tour.cpp(39,54): warning C4244: аргумент: преобразование "const _Ty" в "const unsigned int", возможна потеря данных
          with
          [
              _Ty=double
          ]
\\Mac\Home\Desktop\BMSTU_Practices\TSP\TSPVisualStudio\TSP\TSP\Tour.cpp(50,46): warning C4244: инициализация: преобразование "double" в "size_t", возможна потеря данных
\\Mac\Home\Desktop\BMSTU_Practices\TSP\TSPVisualStudio\TSP\TSP\Tour.cpp(50,35): warning C4244: инициализация: преобразование "double" в "const size_t", возможна потеря данных
\\Mac\Home\Desktop\BMSTU_Practices\TSP\TSPVisualStudio\TSP\TSP\Tour.cpp(51,66): warning C4244: инициализация: преобразование "double" в "size_t", возможна потеря данных
\\Mac\Home\Desktop\BMSTU_Practices\TSP\TSPVisualStudio\TSP\TSP\Tour.cpp(51,33): warning C4244: инициализация: преобразование "double" в "const size_t", возможна потеря данных
\\Mac\Home\Desktop\BMSTU_Practices\TSP\TSPVisualStudio\TSP\TSP\Tour.cpp(57,46): warning C4244: инициализация: преобразование "double" в "size_t", возможна потеря данных
\\Mac\Home\Desktop\BMSTU_Practices\TSP\TSPVisualStudio\TSP\TSP\Tour.cpp(57,35): warning C4244: инициализация: преобразование "double" в "const size_t", возможна потеря данных
\\Mac\Home\Desktop\BMSTU_Practices\TSP\TSPVisualStudio\TSP\TSP\Tour.cpp(58,66): warning C4244: инициализация: преобразование "double" в "size_t", возможна потеря данных
\\Mac\Home\Desktop\BMSTU_Practices\TSP\TSPVisualStudio\TSP\TSP\Tour.cpp(58,33): warning C4244: инициализация: преобразование "double" в "const size_t", возможна потеря данных
\\Mac\Home\Desktop\BMSTU_Practices\TSP\TSPVisualStudio\TSP\TSP\Algorithms.cpp(41,34): warning C4244: аргумент: преобразование "double" в "size_t", возможна потеря данных
  Создание кода
  Создание кода завершено
  0 of 330 functions ( 0.0%) were compiled, the rest were copied from previous compilation.
    0 functions were new in current compilation
    0 functions had inline decision re-evaluated but remain unchanged
  TSP.vcxproj -> \\Mac\Home\Desktop\BMSTU_Practices\TSP\TSPVisualStudio\TSP\Release\TSP.exe
